app/build/intermediates/manifest_merge_blame_file/debug/manifest-merger-blame-debug-report.txt
1<?xml version="1.0" encoding="utf-8"?>
2<manifest xmlns:android="http://schemas.android.com/apk/res/android"
3    package="com.android.example.musicplayer"
4    android:versionCode="1"
5    android:versionName="1.0" >
6
7    <uses-sdk
8        android:minSdkVersion="21"
8-->src\main\AndroidManifest.xml
9        android:targetSdkVersion="31" />
9-->src\main\AndroidManifest.xml
10
11    <uses-permission android:name="android.permission.READ_EXTERNAL_STORAGE" />
11-->src\main\AndroidManifest.xml:6:5-80
11-->src\main\AndroidManifest.xml:6:22-77
12    <uses-permission android:name="android.permission.WRITE_EXTERNAL_STORAGE" />
12-->src\main\AndroidManifest.xml:7:5-81
12-->src\main\AndroidManifest.xml:7:22-78
13    <uses-permission android:name="android.permission.RECORD_AUDIO" />
13-->src\main\AndroidManifest.xml:8:5-71
13-->src\main\AndroidManifest.xml:8:22-68
14    <uses-permission android:name="android.permission.MODIFY_AUDIO_SETTINGS" />
14-->src\main\AndroidManifest.xml:9:5-80
14-->src\main\AndroidManifest.xml:9:22-77
15
16    <application
16-->src\main\AndroidManifest.xml:11:5-31:19
17        android:allowBackup="true"
17-->src\main\AndroidManifest.xml:12:9-35
18        android:appComponentFactory="androidx.core.app.CoreComponentFactory"
18-->[androidx.core:core:1.7.0] AndroidManifest.xml:24:18-86
19        android:debuggable="true"
20        android:icon="@mipmap/ic_launcher"
20-->src\main\AndroidManifest.xml:13:9-43
21        android:label="@string/app_name"
21-->src\main\AndroidManifest.xml:14:9-41
22        android:requestLegacyExternalStorage="true"
22-->src\main\AndroidManifest.xml:15:9-52
23        android:roundIcon="@mipmap/ic_launcher_round"
23-->src\main\AndroidManifest.xml:16:9-54
24        android:supportsRtl="true"
24-->src\main\AndroidManifest.xml:17:9-35
25        android:testOnly="true"
26        android:theme="@style/AppTheme" >
26-->src\main\AndroidManifest.xml:18:9-40
27        <activity
27-->src\main\AndroidManifest.xml:20:9-29:20
28            android:name="com.android.example.musicplayer.MainActivity"
28-->src\main\AndroidManifest.xml:22:13-41
29            android:configChanges="keyboardHidden|orientation|screenSize"
29-->src\main\AndroidManifest.xml:23:13-74
30            android:exported="true" >
30-->src\main\AndroidManifest.xml:21:13-36
31            <intent-filter>
31-->src\main\AndroidManifest.xml:24:13-28:29
32                <action android:name="android.intent.action.MAIN" />
32-->src\main\AndroidManifest.xml:25:17-69
32-->src\main\AndroidManifest.xml:25:25-66
33
34                <category android:name="android.intent.category.LAUNCHER" />
34-->src\main\AndroidManifest.xml:27:17-77
34-->src\main\AndroidManifest.xml:27:27-74
35            </intent-filter>
36        </activity>
37        <activity android:name="com.android.example.musicplayer.PlaySongActivity" />
37-->src\main\AndroidManifest.xml:30:9-54
37-->src\main\AndroidManifest.xml:30:19-51
38    </application>
39
40</manifest>